"../../../Engine/Content/EditorBlueprintResources/StandardMacros.uasset" 0
"../../../Engine/Content/VREditor/Devices/Vive/UE4_Logo.uasset" 1
"../../../../Projekty/Rodnelps/RodnelpsGame/Content/Blueprints/AllLevels/PlayerInfo.uasset" 2
"../../../../Projekty/Rodnelps/RodnelpsGame/Content/Blueprints/AllLevels/PlayerSaveGame.uasset" 3
"../../../Engine/Content/EditorMaterials/Cascade/CASC_Lights.uasset" 4
"../../../Engine/Content/EditorMaterials/Cross.uasset" 5
"../../../Engine/Content/EditorResources/Ai_Spawnpoint.uasset" 6
"../../../Engine/Content/EditorResources/Bad.uasset" 7
"../../../Engine/Content/EditorResources/BadBlueprintSprite.uasset" 8
"../../../Engine/Content/EngineDebugMaterials/HeatmapGradient.uasset" 9
"../../../Engine/Content/EngineMaterials/BlendFunc_DefBlend.uasset" 10
"../../../Engine/Content/EngineResources/AICON-Green.uasset" 11
"../../../Engine/Content/EngineResources/AICON-Red.uasset" 12
"../../../Engine/Content/EngineResources/Bad.uasset" 13
"../../../Engine/Content/Tutorial/Mobile/TutorialAssets/android_Icon.uasset" 14
"../../../Engine/Content/Tutorial/Mobile/TutorialAssets/IOS.uasset" 15
"../../../Engine/Content/VREditor/LaserPointer/VR_LaserPower_01.uasset" 16
"../../../../Projekty/Rodnelps/RodnelpsGame/Content/Blueprints/UI/MainMenu/OptionsMenu.uasset" 17
"../../../../Projekty/Rodnelps/RodnelpsGame/Content/Blueprints/UI/AllLevels/LoadingScreen.uasset" 18
"../../../../Projekty/Rodnelps/RodnelpsGame/Content/Blueprints/UI/MainMenu/ErrorDialog.uasset" 19
"../../../../Projekty/Rodnelps/RodnelpsGame/Content/Blueprints/UI/MainMenu/HostMenu.uasset" 20
"../../../../Projekty/Rodnelps/RodnelpsGame/Content/Blueprints/UI/MainMenu/MainMenu.uasset" 21
"../../../../Projekty/Rodnelps/RodnelpsGame/Content/Blueprints/UI/MainMenu/ServerMenu.uasset" 22
"../../../../Projekty/Rodnelps/RodnelpsGame/Content/Blueprints/AllLevels/GameInfoInstance.uasset" 23
"../../../Engine/Content/EditorBlueprintResources/ActorMacros.uasset" 24
"../../../../Projekty/Rodnelps/RodnelpsGame/Content/Blueprints/GamePlay/RodnelpsPlayerStateBP.uasset" 25
"../../../../Projekty/Rodnelps/RodnelpsGame/Content/Blueprints/UI/Lobby/ConnectedPlayer.uasset" 26
"../../../../Projekty/Rodnelps/RodnelpsGame/Content/Blueprints/UI/Lobby/PlayerButton.uasset" 27
"../../../../Projekty/Rodnelps/RodnelpsGame/Content/Textures/TestMap.uasset" 28
"../../../../Projekty/Rodnelps/RodnelpsGame/Content/Textures/TestMap2.uasset" 29
"../../../../Projekty/Rodnelps/RodnelpsGame/Content/Blueprints/UI/Lobby/GameSettings.uasset" 30
"../../../../Projekty/Rodnelps/RodnelpsGame/Content/Blueprints/UI/Lobby/LobbyMenu.uasset" 31
"../../../../Projekty/Rodnelps/RodnelpsGame/Content/Blueprints/Lobby/LobbyGameModeBP.uasset" 32
"../../../../Projekty/Rodnelps/RodnelpsGame/Content/Blueprints/Lobby/LobbyPC.uasset" 33
"../../../../Projekty/Rodnelps/RodnelpsGame/Content/Blueprints/UI/AllLevels/ChatText.uasset" 34
"../../../../Projekty/Rodnelps/RodnelpsGame/Content/Blueprints/UI/AllLevels/ChatWindow.uasset" 35
"../../../../Projekty/Rodnelps/RodnelpsGame/Content/Blueprints/UI/AllLevels/GameplayChat.uasset" 36
"../../../../Projekty/Rodnelps/RodnelpsGame/Content/Blueprints/UI/AllLevels/PlayerStatistics.uasset" 37
"../../../../Projekty/Rodnelps/RodnelpsGame/Content/Textures/Card.uasset" 38
"../../../../Projekty/Rodnelps/RodnelpsGame/Content/Textures/Coin50.uasset" 39
"../../../../Projekty/Rodnelps/RodnelpsGame/Content/Blueprints/UI/AllLevels/ScoreBoard.uasset" 40
"../../../../Projekty/Rodnelps/RodnelpsGame/Content/Blueprints/GamePlay/RodnelpsPlayerControllerBP.uasset" 41
"../../../Engine/Content/EditorMeshes/ArcadeEditorSphere.uasset" 42
"../../../../Projekty/Rodnelps/RodnelpsGame/Content/Blueprints/GamePlay/PlayerPawnBP.uasset" 43
"../../../../Projekty/Rodnelps/RodnelpsGame/Content/Blueprints/GamePlay/RodnelpsGameModeBP.uasset" 44
"../../../../Projekty/Rodnelps/RodnelpsGame/Content/Blueprints/RodnelpsGameModeBP.uasset" 45
"../../../../Projekty/Rodnelps/RodnelpsGame/Content/Blueprints/RodnelpsGameModeBaseBP.uasset" 46
"../../../../Projekty/Rodnelps/RodnelpsGame/Content/Blueprints/AllLevels/PlayerScore.uasset" 47
"../../../Engine/Content/Animation/DefaultAnimCurveCompressionSettings.uasset" 48
"../../../Engine/Content/Functions/Engine_MaterialFunctions01/Opacity/CameraDepthFade.uasset" 49
"../../../Engine/Content/EngineMaterials/T_Default_Material_Grid_M.uasset" 50
"../../../Engine/Content/EngineMaterials/T_Default_Material_Grid_N.uasset" 51
"../../../Engine/Content/EngineMaterials/WorldGridMaterial.uasset" 52
"../../../Engine/Content/ArtTools/RenderToTexture/Meshes/S_1_Unit_Plane.uasset" 53
"../../../Engine/Content/BasicShapes/Cube.uasset" 54
"../../../Engine/Content/EngineMaterials/DefaultMaterial.uasset" 55
"../../../Engine/Content/BasicShapes/Cylinder.uasset" 56
"../../../Engine/Content/BasicShapes/Plane.uasset" 57
"../../../Engine/Content/BasicShapes/Sphere.uasset" 58
"../../../Engine/Content/EditorLandscapeResources/DataLayer.uasset" 59
"../../../Engine/Content/EditorMaterials/MAT_Groups_Toggle.uasset" 60
"../../../Engine/Content/EditorMaterials/MAT_Groups_Visibility.uasset" 61
"../../../Engine/Content/EditorMaterials/PreviewShadowIndicator.uasset" 62
"../../../Engine/Content/EditorMaterials/PreviewShadowIndicatorMaterial.uasset" 63
"../../../Engine/Content/EditorMaterials/MatineeGroups/MAT_ColorTrack.uasset" 64
"../../../Engine/Content/EditorMaterials/MatineeGroups/MAT_Groups_Anim.uasset" 65
"../../../Engine/Content/EditorMaterials/MatineeGroups/MAT_Groups_AudioMaster.uasset" 66
"../../../Engine/Content/EditorMaterials/MatineeGroups/MAT_Groups_Director.uasset" 67
"../../../Engine/Content/EditorMaterials/MatineeGroups/MAT_Groups_Event.uasset" 68
"../../../Engine/Content/EditorMaterials/MatineeGroups/MAT_Groups_Fade.uasset" 69
"../../../Engine/Content/EditorMaterials/MatineeGroups/MAT_Groups_Float.uasset" 70
"../../../Engine/Content/EditorMaterials/MatineeGroups/MAT_Groups_Move.uasset" 71
"../../../Engine/Content/EditorMaterials/MatineeGroups/MAT_Groups_Slomo.uasset" 72
"../../../Engine/Content/EditorMaterials/MatineeGroups/MAT_Groups_Sound.uasset" 73
"../../../Engine/Content/EditorMaterials/MatineeGroups/MAT_Groups_Vector.uasset" 74
"../../../Engine/Content/EditorMaterials/ParticleSystems/PSysThumbnail_NoImage.uasset" 75
"../../../Engine/Content/EditorMaterials/ParticleSystems/PSysThumbnail_OOD.uasset" 76
"../../../Engine/Content/EditorMaterials/Camera/CineMat.uasset" 77
"../../../Engine/Content/EditorMaterials/Camera/MI_CineMat_Rig.uasset" 78
"../../../Engine/Content/EditorMeshes/Camera/SM_CraneRig_Arm.uasset" 79
"../../../Engine/Content/EditorMeshes/Camera/SM_CraneRig_Base.uasset" 80
"../../../Engine/Content/EditorMeshes/Camera/SM_CraneRig_Body.uasset" 81
"../../../Engine/Content/EditorMeshes/Camera/SM_CraneRig_Mount.uasset" 82
"../../../Engine/Content/EditorMeshes/Camera/SM_RailRig_Mount.uasset" 83
"../../../Engine/Content/EditorMeshes/Camera/SM_RailRig_Track.uasset" 84
"../../../Engine/Content/EditorResources/BSPVertex.uasset" 85
"../../../Engine/Content/EditorResources/EmptyActor.uasset" 86
"../../../Engine/Content/EditorResources/S_Actor.uasset" 87
"../../../Engine/Content/EditorResources/S_Note.uasset" 88
"../../../Engine/Content/EditorResources/S_Solver.uasset" 89
"../../../Engine/Content/EditorResources/S_Trigger.uasset" 90
"../../../Engine/Content/EditorResources/LightIcons/S_LightError.uasset" 91
"../../../Engine/Content/EditorResources/SequenceRecorder/Countdown.uasset" 92
"../../../Engine/Content/EditorResources/SequenceRecorder/RecordingIndicator.uasset" 93
"../../../Engine/Content/EditorSounds/Notifications/CompileFailed.uasset" 94
"../../../Engine/Content/EditorSounds/Notifications/CompileFailed_Cue.uasset" 95
"../../../Engine/Content/EditorSounds/Notifications/CompileSuccess.uasset" 96
"../../../Engine/Content/EditorSounds/Notifications/CompileStart_Cue.uasset" 97
"../../../Engine/Content/EditorSounds/Notifications/CompileSuccess_Cue.uasset" 98
"../../../Engine/Content/EngineDamageTypes/DmgTypeBP_Environmental.uasset" 99
"../../../Engine/Content/EngineDebugMaterials/DebugEditorMaterial.uasset" 100
"../../../Engine/Content/EngineDebugMaterials/DebugMeshMaterial.uasset" 101
"../../../Engine/Content/EngineDebugMaterials/M_SimpleTranslucent.uasset" 102
"../../../Engine/Content/Functions/Engine_MaterialFunctions02/Utility/CameraDirectionVector.uasset" 103
"../../../Engine/Content/EngineDebugMaterials/VolumeToRender.uasset" 104
"../../../Engine/Content/EngineDebugMaterials/M_VolumeRenderSphereTracePP.uasset" 105
"../../../Engine/Content/EngineDebugMaterials/WireframeMaterial.uasset" 106
"../../../Engine/Content/EngineFonts/Faces/DroidSansFallback.uasset" 107
"../../../Engine/Content/EngineFonts/Faces/RobotoBold.uasset" 108
"../../../Engine/Content/EngineFonts/Faces/RobotoBoldItalic.uasset" 109
"../../../Engine/Content/EngineFonts/Faces/RobotoItalic.uasset" 110
"../../../Engine/Content/EngineFonts/Faces/RobotoLight.uasset" 111
"../../../Engine/Content/EngineFonts/Faces/RobotoRegular.uasset" 112
"../../../Engine/Content/EngineFonts/Roboto.uasset" 113
"../../../Engine/Content/EngineMaterials/BaseFlattenDiffuseMap.uasset" 114
"../../../Engine/Content/EngineMaterials/BaseFlattenEmissiveMap.uasset" 115
"../../../Engine/Content/EngineMaterials/BaseFlattenGrayscaleMap.uasset" 116
"../../../Engine/Content/EngineMaterials/BaseFlattenNormalMap.uasset" 117
"../../../Engine/Content/EngineMaterials/BaseFlattenMaterial.uasset" 118
"../../../Engine/Content/EngineMaterials/BlueNoise.uasset" 119
"../../../Engine/Content/EngineMaterials/DefaultBloomKernel.uasset" 120
"../../../Engine/Content/EngineMaterials/DefaultBokeh.uasset" 121
"../../../Engine/Content/EngineMaterials/DefaultDiffuse.uasset" 122
"../../../Engine/Content/EngineMaterials/DefaultDeferredDecalMaterial.uasset" 123
"../../../Engine/Content/EngineMaterials/DefaultLightFunctionMaterial.uasset" 124
"../../../Engine/Content/EngineMaterials/DefaultPhysicalMaterial.uasset" 125
"../../../Engine/Content/Functions/Engine_MaterialFunctions02/Utility/BreakOutFloat2Components.uasset" 126
"../../../Engine/Content/EngineMaterials/DefaultPostProcessMaterial.uasset" 127
"../../../Engine/Content/EngineFonts/RobotoDistanceField.uasset" 128
"../../../Engine/Content/EngineMaterials/DefaultTextMaterialOpaque.uasset" 129
"../../../Engine/Content/EngineMaterials/DefaultVirtualTextureMaterial.uasset" 130
"../../../Engine/Content/EngineMaterials/DefaultWhiteGrid.uasset" 131
"../../../Engine/Content/EngineMaterials/DefaultWhiteGrid_Low.uasset" 132
"../../../Engine/Content/EngineMaterials/EmissiveMeshMaterial.uasset" 133
"../../../Engine/Content/EngineMaterials/GizmoMaterial.uasset" 134
"../../../Engine/Content/EngineMaterials/Good64x64TilingNoiseHighFreq.uasset" 135
"../../../Engine/Content/EngineMaterials/HairDefaultMaterial.uasset" 136
"../../../Engine/Content/EngineMaterials/MiniFont.uasset" 137
"../../../Engine/Content/EngineMaterials/InvalidLightmapSettings.uasset" 138
"../../../Engine/Content/EngineMaterials/M_InvalidLightmapSettings.uasset" 139
"../../../Engine/Content/Functions/Engine_MaterialFunctions02/WorldPositionOffset/CameraOffset.uasset" 140
"../../../Engine/Content/EngineMaterials/PhAT_JointLimitMaterial.uasset" 141
"../../../Engine/Content/EngineMaterials/PreintegratedSkinBRDF.uasset" 142
"../../../Engine/Content/EngineMaterials/RemoveSurfaceMaterial.uasset" 143
"../../../Engine/Content/EngineMaterials/WeightMapPlaceholderTexture.uasset" 144
"../../../Engine/Content/EngineResources/WhiteSquareTexture.uasset" 145
"../../../Engine/Content/EngineMaterials/Widget3DPassThrough.uasset" 146
"../../../Engine/Content/EngineMaterials/Widget3DPassThrough_Masked.uasset" 147
"../../../Engine/Content/EngineMaterials/Widget3DPassThrough_Opaque.uasset" 148
"../../../Engine/Content/EngineMaterials/Widget3DPassThrough_Masked_OneSided.uasset" 149
"../../../Engine/Content/EngineMaterials/Widget3DPassThrough_Opaque_OneSided.uasset" 150
"../../../Engine/Content/EngineMaterials/Widget3DPassThrough_Translucent.uasset" 151
"../../../Engine/Content/EngineMaterials/Widget3DPassThrough_Translucent_OneSided.uasset" 152
"../../../Engine/Content/EngineMeshes/Cylinder.uasset" 153
"../../../Engine/Content/EngineMeshes/Sphere.uasset" 154
"../../../Engine/Content/EngineResources/Black.uasset" 155
"../../../Engine/Content/EngineResources/DefaultTexture.uasset" 156
"../../../Engine/Content/EngineResources/DefaultTextureCube.uasset" 157
"../../../Engine/Content/EngineResources/DefaultVolumeTexture2D.uasset" 158
"../../../Engine/Content/EngineResources/DefaultVolumeTexture.uasset" 159
"../../../Engine/Content/EngineResources/GradientTexture0.uasset" 160
"../../../Engine/Content/EngineSounds/Master.uasset" 161
"../../../Engine/Content/Functions/Engine_MaterialFunctions01/Shading/ConvertFromDiffSpec.uasset" 162
"../../../Engine/Content/Functions/Engine_MaterialFunctions01/Shading/PowerToRoughness.uasset" 163
"../../../Engine/Content/Maps/Templates/Thumbnails/Default.uasset" 164
"../../../Engine/Content/Maps/Templates/Thumbnails/TimeOfDay.uasset" 165
"../../../Engine/Content/Maps/Templates/Thumbnails/VR-Basic.uasset" 166
"../../../Engine/Content/MobileResources/T_MobileControls_texture.uasset" 167
"../../../Engine/Content/MobileResources/T_MobileMenu2.uasset" 168
"../../../Engine/Content/MobileResources/HUD/AnalogHat.uasset" 169
"../../../Engine/Content/MobileResources/HUD/VirtualJoystick_Background.uasset" 170
"../../../Engine/Content/MobileResources/HUD/VirtualJoystick_Thumb.uasset" 171
"../../../Engine/Content/MobileResources/HUD/DefaultVirtualJoysticks.uasset" 172
"../../../Engine/Content/MobileResources/HUD/LeftVirtualJoystickOnly.uasset" 173
"../../../Engine/Content/MobileResources/HUD/MobileHUDButton1_off.uasset" 174
"../../../Engine/Content/MobileResources/HUD/MobileHUDButton1_on.uasset" 175
"../../../Engine/Content/MobileResources/HUD/MobileHUDButton2_off.uasset" 176
"../../../Engine/Content/MobileResources/HUD/MobileHUDButton2_on.uasset" 177
"../../../Engine/Content/MobileResources/HUD/MobileHUDButton3.uasset" 178
"../../../Engine/Content/MobileResources/HUD/MobileHUDButtonFire.uasset" 179
"../../../Engine/Content/MobileResources/HUD/MobileHUDDirectionPad.uasset" 180
"../../../Engine/Content/MobileResources/HUD/MobileHUDDirectionPad2.uasset" 181
"../../../Engine/Content/MobileResources/HUD/MobileHUDDirectionPad3.uasset" 182
"../../../Engine/Content/MobileResources/HUD/MobileHUDDirectionStick.uasset" 183
"../../../Engine/Content/MobileResources/HUD/T_Castle_ThumbstickInner.uasset" 184
"../../../Engine/Content/MobileResources/HUD/T_Castle_ThumbstickOutter.uasset" 185
"../../../Engine/Content/Tutorial/ContentIntroCurve.uasset" 186
"../../../Engine/Content/Tutorial/Basics/LevelEditorAttract.uasset" 187
"../../../Engine/Content/Tutorial/BlueprintTutorials/TutorialAssets/Blueprint_64x.uasset" 188
"../../../Engine/Content/Tutorial/BlueprintTutorials/BlueprintEditorTutorial.uasset" 189
"../../../Engine/Content/Tutorial/Code/AddingCode.uasset" 190
"../../../Engine/Content/VREditor/TransformGizmo/TransformGizmoMaterial.uasset" 191
"../../../Engine/Content/VREditor/TransformGizmo/TranslucentTransformGizmoMaterial.uasset" 192
"../../../Engine/Content/VREditor/TransformGizmo/BoundingBoxCorner.uasset" 193
"../../../Engine/Content/VREditor/TransformGizmo/BoundingBoxEdge.uasset" 194
"../../../Engine/Content/VREditor/TransformGizmo/PlaneTranslationHandle.uasset" 195
"../../../Engine/Content/VREditor/TransformGizmo/Main.uasset" 196
"../../../Engine/Content/VREditor/TransformGizmo/Xray.uasset" 197
"../../../Engine/Content/VREditor/TransformGizmo/SM_Sequencer_Key.uasset" 198
"../../../Engine/Content/VREditor/TransformGizmo/SM_Sequencer_Node.uasset" 199
"../../Plugins/2D/Paper2D/Content/PlaceholderTextures/DummySpriteTexture.uasset" 200
"../../Plugins/2D/Paper2D/Content/DummySprite.uasset" 201
"../../Plugins/2D/Paper2D/Content/DefaultPaperTerrainMaterial.uasset" 202
"../../Plugins/2D/Paper2D/Content/DummySpriteTexture.uasset" 203
"../../Plugins/2D/Paper2D/Content/DefaultSpriteMaterial.uasset" 204
"../../Plugins/2D/Paper2D/Content/MaskedUnlitSpriteMaterial.uasset" 205
"../../Plugins/2D/Paper2D/Content/OpaqueUnlitSpriteMaterial.uasset" 206
"../../../Engine/Content/Functions/Engine_MaterialFunctions02/Utility/BreakOutFloat4Components.uasset" 207
"../../../Engine/Content/Functions/Engine_MaterialFunctions02/Utility/MakeFloat2.uasset" 208
"../../../Engine/Content/Functions/Engine_MaterialFunctions02/Utility/MakeFloat3.uasset" 209
"../../Plugins/Runtime/Oculus/OculusVR/Content/Materials/OculusMR_ChromaKey.uasset" 210
"../../Plugins/Runtime/Oculus/OculusVR/Content/Materials/OculusMR_ChromaKey_Lit.uasset" 211
"../../Plugins/Runtime/Oculus/OculusVR/Content/Materials/OculusMR_OpaqueColoredMaterial.uasset" 212
"../../Plugins/Runtime/Oculus/OculusVR/Content/Materials/OculusMR_WhiteMaterial.uasset" 213
"../../../../Projekty/Rodnelps/RodnelpsGame/Content/Maps/Test/Lobby_BuiltData.uasset" 214
"../../../../Projekty/Rodnelps/RodnelpsGame/Content/Maps/Test/Lobby.umap" 215
"../../../../Projekty/Rodnelps/RodnelpsGame/Content/Maps/Test/MainMenu.umap" 216
"../../../Engine/Content/EngineSky/C_Sky_Cloud_Color.uasset" 217
"../../../Engine/Content/EngineSky/C_Sky_Horizon_Color.uasset" 218
"../../../Engine/Content/EngineSky/C_Sky_Zenith_Color.uasset" 219
"../../../Engine/Content/EngineSky/T_Sky_Blue.uasset" 220
"../../../Engine/Content/EngineSky/T_Sky_Clouds_M.uasset" 221
"../../../Engine/Content/EngineSky/T_Sky_Stars.uasset" 222
"../../../Engine/Content/EngineSky/M_Sky_Panning_Clouds2.uasset" 223
"../../../Engine/Content/EngineSky/SM_SkySphere.uasset" 224
"../../../Engine/Content/EngineSky/BP_Sky_Sphere.uasset" 225
"../../../../Projekty/Rodnelps/RodnelpsGame/Content/Blueprints/UI/Actors/CardUserWidgetBP.uasset" 226
"../../../../Projekty/Rodnelps/RodnelpsGame/Content/Meshes/CardMesh.uasset" 227
"../../../../Projekty/Rodnelps/RodnelpsGame/Content/Blueprints/Actors/CardBP.uasset" 228
"../../../../Projekty/Rodnelps/RodnelpsGame/Content/Meshes/InterpolationMenegarMesh.uasset" 229
"../../../../Projekty/Rodnelps/RodnelpsGame/Content/Blueprints/Actors/InterpolationManagerBP.uasset" 230
"../../../../Projekty/Rodnelps/RodnelpsGame/Content/Materials/M_BlackToken.uasset" 231
"../../../../Projekty/Rodnelps/RodnelpsGame/Content/Materials/M_BlueToken.uasset" 232
"../../../../Projekty/Rodnelps/RodnelpsGame/Content/Materials/M_GoldToken.uasset" 233
"../../../../Projekty/Rodnelps/RodnelpsGame/Content/Materials/M_GreenToken.uasset" 234
"../../../../Projekty/Rodnelps/RodnelpsGame/Content/Materials/M_RedToken.uasset" 235
"../../../../Projekty/Rodnelps/RodnelpsGame/Content/Materials/M_WhiteToken.uasset" 236
"../../../../Projekty/Rodnelps/RodnelpsGame/Content/Blueprints/UI/Actors/TokenUserWidgetBP.uasset" 237
"../../../../Projekty/Rodnelps/RodnelpsGame/Content/Meshes/TokenMesh2.uasset" 238
"../../../../Projekty/Rodnelps/RodnelpsGame/Content/Blueprints/Actors/TokenBP.uasset" 239
"../../../../Projekty/Rodnelps/RodnelpsGame/Content/Blueprints/UI/Actors/TraderUserWidgetBP.uasset" 240
"../../../../Projekty/Rodnelps/RodnelpsGame/Content/Meshes/TraderMesh.uasset" 241
"../../../../Projekty/Rodnelps/RodnelpsGame/Content/Blueprints/Actors/TraderBP.uasset" 242
"../../../../Projekty/Rodnelps/RodnelpsGame/Content/DataTables/Teir1Rodnelps.uasset" 243
"../../../../Projekty/Rodnelps/RodnelpsGame/Content/DataTables/Tier2Rodnelps.uasset" 244
"../../../../Projekty/Rodnelps/RodnelpsGame/Content/DataTables/Tier3Rodnelps.uasset" 245
"../../../../Projekty/Rodnelps/RodnelpsGame/Content/DataTables/Traders.uasset" 246
"../../../Engine/Content/BasicShapes/Cone.uasset" 247
"../../../../Projekty/Rodnelps/RodnelpsGame/Content/Blueprints/Actors/GameElemsGenBP.uasset" 248
"../../../../Projekty/Rodnelps/RodnelpsGame/Content/Blueprints/GameElemsGenBP.uasset" 249
"../../../../Projekty/Rodnelps/RodnelpsGame/Content/Meshes/PlayerBoardGenMesh.uasset" 250
"../../../../Projekty/Rodnelps/RodnelpsGame/Content/Blueprints/Actors/PlayerBoardSpaceBP.uasset" 251
"../../../../Projekty/Rodnelps/RodnelpsGame/Content/Blueprints/PlayerBoardSpaceBP.uasset" 252
"../../../Engine/Content/MapTemplates/SM_Template_Map_Floor.uasset" 253
"../../../../Projekty/Rodnelps/RodnelpsGame/Content/Maps/Test/TestMap.umap" 254
"../../../../Projekty/Rodnelps/RodnelpsGame/Content/Maps/Test/TestMap2.umap" 255
"../../../../Projekty/Rodnelps/RodnelpsGame/Content/Maps/Test/TravelMap.umap" 256
"../../../../Projekty/Rodnelps/RodnelpsGame/Content/Blueprints/TokenBP.uasset" 257
"../../../../Projekty/Rodnelps/RodnelpsGame/Content/Meshes/DeleteThis.umap" 258
